# JRE version: OpenJDK Runtime Environment Microsoft-7208460 (11.0.18+10) (build 11.0.18+10-LTS)
# Java VM: OpenJDK 64-Bit Server VM Microsoft-7208460 (11.0.18+10-LTS, mixed mode, tiered, compressed oops, g1 gc, windows-amd64)
Heap:
 garbage-first heap   total 57344K, used 34730K [0x0000000080000000, 0x0000000100000000)
  region size 1024K, 18 young (18432K), 3 survivors (3072K)
 Metaspace       used 27761K, capacity 28407K, committed 28720K, reserved 542720K
  class space    used 3594K, capacity 3850K, committed 3968K, reserved 516096K
GC Heap History (20 events):
Event: 5.601 GC heap before
{Heap before GC invocations=0 (full 0):
 garbage-first heap   total 57344K, used 16384K [0x0000000080000000, 0x0000000100000000)
  region size 1024K, 14 young (14336K), 0 survivors (0K)
 Metaspace       used 6783K, capacity 6989K, committed 7168K, reserved 524288K
  class space    used 575K, capacity 650K, committed 768K, reserved 516096K
}
Event: 5.717 GC heap after
{Heap after GC invocations=1 (full 0):
 garbage-first heap   total 57344K, used 3840K [0x0000000080000000, 0x0000000100000000)
  region size 1024K, 2 young (2048K), 2 survivors (2048K)
 Metaspace       used 6783K, capacity 6989K, committed 7168K, reserved 524288K
  class space    used 575K, capacity 650K, committed 768K, reserved 516096K
}
Event: 8.737 GC heap before
{Heap before GC invocations=1 (full 0):
 garbage-first heap   total 57344K, used 17152K [0x0000000080000000, 0x0000000100000000)
  region size 1024K, 12 young (12288K), 2 survivors (2048K)
 Metaspace       used 10055K, capacity 10231K, committed 10368K, reserved 526336K
  class space    used 1007K, capacity 1074K, committed 1152K, reserved 516096K
}
Event: 8.753 GC heap after
{Heap after GC invocations=2 (full 0):
 garbage-first heap   total 57344K, used 9543K [0x0000000080000000, 0x0000000100000000)
  region size 1024K, 2 young (2048K), 2 survivors (2048K)
 Metaspace       used 10055K, capacity 10231K, committed 10368K, reserved 526336K
  class space    used 1007K, capacity 1074K, committed 1152K, reserved 516096K
}
Event: 23.236 GC heap before
{Heap before GC invocations=2 (full 0):
 garbage-first heap   total 57344K, used 31047K [0x0000000080000000, 0x0000000100000000)
  region size 1024K, 23 young (23552K), 2 survivors (2048K)
 Metaspace       used 11282K, capacity 11511K, committed 11776K, reserved 528384K
  class space    used 1151K, capacity 1245K, committed 1280K, reserved 516096K
}
Event: 23.299 GC heap after
{Heap after GC invocations=3 (full 0):
 garbage-first heap   total 57344K, used 10276K [0x0000000080000000, 0x0000000100000000)
  region size 1024K, 1 young (1024K), 1 survivors (1024K)
 Metaspace       used 11282K, capacity 11511K, committed 11776K, reserved 528384K
  class space    used 1151K, capacity 1245K, committed 1280K, reserved 516096K
}
Event: 81.457 GC heap before
{Heap before GC invocations=3 (full 0):
 garbage-first heap   total 57344K, used 32804K [0x0000000080000000, 0x0000000100000000)
  region size 1024K, 23 young (23552K), 1 survivors (1024K)
 Metaspace       used 11578K, capacity 11855K, committed 12160K, reserved 528384K
  class space    used 1213K, capacity 1317K, committed 1408K, reserved 516096K
}
Event: 81.493 GC heap after
{Heap after GC invocations=4 (full 0):
 garbage-first heap   total 57344K, used 14415K [0x0000000080000000, 0x0000000100000000)
  region size 1024K, 3 young (3072K), 3 survivors (3072K)
 Metaspace       used 11578K, capacity 11855K, committed 12160K, reserved 528384K
  class space    used 1213K, capacity 1317K, committed 1408K, reserved 516096K
}
Event: 88.555 GC heap before
{Heap before GC invocations=4 (full 0):
 garbage-first heap   total 57344K, used 35919K [0x0000000080000000, 0x0000000100000000)
  region size 1024K, 24 young (24576K), 3 survivors (3072K)
 Metaspace       used 17446K, capacity 17782K, committed 18048K, reserved 532480K
  class space    used 1999K, capacity 2146K, committed 2176K, reserved 516096K
}
Event: 88.577 GC heap after
{Heap after GC invocations=5 (full 0):
 garbage-first heap   total 57344K, used 16905K [0x0000000080000000, 0x0000000100000000)
  region size 1024K, 2 young (2048K), 2 survivors (2048K)
 Metaspace       used 17446K, capacity 17782K, committed 18048K, reserved 532480K
  class space    used 1999K, capacity 2146K, committed 2176K, reserved 516096K
}
Event: 91.368 GC heap before
{Heap before GC invocations=5 (full 0):
 garbage-first heap   total 57344K, used 38409K [0x0000000080000000, 0x0000000100000000)
  region size 1024K, 23 young (23552K), 2 survivors (2048K)
 Metaspace       used 20221K, capacity 20595K, committed 20736K, reserved 534528K
  class space    used 2402K, capacity 2553K, committed 2560K, reserved 516096K
}
Event: 91.378 GC heap after
{Heap after GC invocations=6 (full 0):
 garbage-first heap   total 57344K, used 17745K [0x0000000080000000, 0x0000000100000000)
  region size 1024K, 1 young (1024K), 1 survivors (1024K)
 Metaspace       used 20221K, capacity 20595K, committed 20736K, reserved 534528K
  class space    used 2402K, capacity 2553K, committed 2560K, reserved 516096K
}
Event: 91.979 GC heap before
{Heap before GC invocations=6 (full 0):
 garbage-first heap   total 57344K, used 22865K [0x0000000080000000, 0x0000000100000000)
  region size 1024K, 7 young (7168K), 1 survivors (1024K)
 Metaspace       used 20656K, capacity 21125K, committed 21296K, reserved 536576K
  class space    used 2471K, capacity 2622K, committed 2688K, reserved 516096K
}
Event: 91.986 GC heap after
{Heap after GC invocations=7 (full 0):
 garbage-first heap   total 57344K, used 18036K [0x0000000080000000, 0x0000000100000000)
  region size 1024K, 2 young (2048K), 2 survivors (2048K)
 Metaspace       used 20656K, capacity 21125K, committed 21296K, reserved 536576K
  class space    used 2471K, capacity 2622K, committed 2688K, reserved 516096K
}
Event: 93.330 GC heap before
{Heap before GC invocations=8 (full 0):
 garbage-first heap   total 57344K, used 34420K [0x0000000080000000, 0x0000000100000000)
  region size 1024K, 18 young (18432K), 2 survivors (2048K)
 Metaspace       used 22337K, capacity 22846K, committed 23216K, reserved 536576K
  class space    used 2762K, capacity 2968K, committed 3072K, reserved 516096K
}
Event: 93.335 GC heap after
{Heap after GC invocations=9 (full 0):
 garbage-first heap   total 57344K, used 18489K [0x0000000080000000, 0x0000000100000000)
  region size 1024K, 2 young (2048K), 2 survivors (2048K)
 Metaspace       used 22337K, capacity 22846K, committed 23216K, reserved 536576K
  class space    used 2762K, capacity 2968K, committed 3072K, reserved 516096K
}
Event: 95.845 GC heap before
{Heap before GC invocations=9 (full 0):
 garbage-first heap   total 57344K, used 36921K [0x0000000080000000, 0x0000000100000000)
  region size 1024K, 20 young (20480K), 2 survivors (2048K)
 Metaspace       used 24247K, capacity 24838K, committed 25008K, reserved 538624K
  class space    used 3044K, capacity 3252K, committed 3328K, reserved 516096K
}
Event: 95.850 GC heap after
{Heap after GC invocations=10 (full 0):
 garbage-first heap   total 57344K, used 19133K [0x0000000080000000, 0x0000000100000000)
  region size 1024K, 2 young (2048K), 2 survivors (2048K)
 Metaspace       used 24247K, capacity 24838K, committed 25008K, reserved 538624K
  class space    used 3044K, capacity 3252K, committed 3328K, reserved 516096K
}
Event: 100.959 GC heap before
{Heap before GC invocations=10 (full 0):
 garbage-first heap   total 57344K, used 38589K [0x0000000080000000, 0x0000000100000000)
  region size 1024K, 21 young (21504K), 2 survivors (2048K)
 Metaspace       used 26712K, capacity 27261K, committed 27440K, reserved 540672K
  class space    used 3430K, capacity 3638K, committed 3712K, reserved 516096K
}
Event: 100.988 GC heap after
{Heap after GC invocations=11 (full 0):
 garbage-first heap   total 57344K, used 20394K [0x0000000080000000, 0x0000000100000000)
  region size 1024K, 3 young (3072K), 3 survivors (3072K)
 Metaspace       used 26712K, capacity 27261K, committed 27440K, reserved 540672K
  class space    used 3430K, capacity 3638K, committed 3712K, reserved 516096K
}

